This file contains any messages produced by compilers while
running configure, to aid debugging if configure makes a mistake.

configure:530: checking for gcc
configure:643: checking whether the C compiler (gcc -g -D_GNU_SOURCE -Wall -m486 -DDOCDIR="/usr/local/doc" -I/usr/X11R6/include -I/usr/lib/glib/include -I./icons/ ) works
configure:659: gcc -o conftest -g -D_GNU_SOURCE -Wall -m486 -DDOCDIR="/usr/local/doc" -I/usr/X11R6/include -I/usr/lib/glib/include -I./icons/   conftest.c  1>&5
configure:656: warning: return-type defaults to `int'
configure:685: checking whether the C compiler (gcc -g -D_GNU_SOURCE -Wall -m486 -DDOCDIR="/usr/local/doc" -I/usr/X11R6/include -I/usr/lib/glib/include -I./icons/ ) is a cross-compiler
configure:690: checking whether we are using GNU C
configure:699: gcc -E conftest.c
configure:718: checking whether gcc accepts -g
configure:750: checking how to run the C preprocessor
configure:771: gcc -E  conftest.c >/dev/null 2>conftest.out
configure:830: checking for ANSI C header files
configure:843: gcc -E  conftest.c >/dev/null 2>conftest.out
configure:910: gcc -o conftest -g -D_GNU_SOURCE -Wall -m486 -DDOCDIR="/usr/local/doc" -I/usr/X11R6/include -I/usr/lib/glib/include -I./icons/   conftest.c  1>&5
configure:941: checking for ANSI C header files
configure:1048: checking for sys/param.h
configure:1058: gcc -E  conftest.c >/dev/null 2>conftest.out
configure:1048: checking for termios.h
configure:1058: gcc -E  conftest.c >/dev/null 2>conftest.out
configure:1048: checking for termio.h
configure:1058: gcc -E  conftest.c >/dev/null 2>conftest.out
configure:1048: checking for sys/ioctl.h
configure:1058: gcc -E  conftest.c >/dev/null 2>conftest.out
configure:1048: checking for sgtty.h
configure:1058: gcc -E  conftest.c >/dev/null 2>conftest.out
configure:1048: checking for fcntl.h
configure:1058: gcc -E  conftest.c >/dev/null 2>conftest.out
configure:1048: checking for sys/time.h
configure:1058: gcc -E  conftest.c >/dev/null 2>conftest.out
configure:1048: checking for unistd.h
configure:1058: gcc -E  conftest.c >/dev/null 2>conftest.out
configure:1048: checking for ttold.h
configure:1058: gcc -E  conftest.c >/dev/null 2>conftest.out
configure:1054: ttold.h: No such file or directory
configure: failed program was:
#line 1053 "configure"
#include "confdefs.h"
#include <ttold.h>
configure:1048: checking for ioctl-types.h
configure:1058: gcc -E  conftest.c >/dev/null 2>conftest.out
configure:1054: ioctl-types.h: No such file or directory
configure: failed program was:
#line 1053 "configure"
#include "confdefs.h"
#include <ioctl-types.h>
configure:1086: checking for inline
configure:1100: gcc -c -g -D_GNU_SOURCE -Wall -m486 -DDOCDIR="/usr/local/doc" -I/usr/X11R6/include -I/usr/lib/glib/include -I./icons/  conftest.c 1>&5
configure: In function `main':
configure:1096: warning: control reaches end of non-void function
configure: At top level:
configure:1096: warning: return-type defaults to `int'
configure:1126: checking for size_t
configure:1159: checking for uid_t in sys/types.h
configure:1193: checking whether time.h and sys/time.h may both be included
configure:1207: gcc -c -g -D_GNU_SOURCE -Wall -m486 -DDOCDIR="/usr/local/doc" -I/usr/X11R6/include -I/usr/lib/glib/include -I./icons/  conftest.c 1>&5
configure: In function `main':
configure:1203: warning: unused variable `tp'
configure:1230: checking whether gcc needs -traditional
configure:1278: checking for setreuid
configure:1306: gcc -o conftest -g -D_GNU_SOURCE -Wall -m486 -DDOCDIR="/usr/local/doc" -I/usr/X11R6/include -I/usr/lib/glib/include -I./icons/   conftest.c  1>&5
configure:1333: checking for select
configure:1361: gcc -o conftest -g -D_GNU_SOURCE -Wall -m486 -DDOCDIR="/usr/local/doc" -I/usr/X11R6/include -I/usr/lib/glib/include -I./icons/   conftest.c  1>&5
